-- Found ament_cmake: 0.9.11 (/opt/ros/foxy/share/ament_cmake/cmake)
-- Using PYTHON_EXECUTABLE: /usr/bin/python3
-- Found rclcpp: 2.4.2 (/opt/ros/foxy/share/rclcpp/cmake)
-- Using all available rosidl_typesupport_c: rosidl_typesupport_fastrtps_c;rosidl_typesupport_introspection_c
-- Found rosidl_adapter: 1.3.0 (/opt/ros/foxy/share/rosidl_adapter/cmake)
-- Using all available rosidl_typesupport_cpp: rosidl_typesupport_fastrtps_cpp;rosidl_typesupport_introspection_cpp
-- Found rmw_implementation_cmake: 1.0.3 (/opt/ros/foxy/share/rmw_implementation_cmake/cmake)
-- Using RMW implementation 'rmw_fastrtps_cpp' as default
-- Found bat_led_interfaces: 0.0.0 (/home/ros_ws/install/bat_led_interfaces/share/bat_led_interfaces/cmake)
-- Configuring done
-- Generating done
-- Build files have been written to: /home/ros_ws/build/batt_led
[35m[1mScanning dependencies of target led_pannel[0m
[35m[1mScanning dependencies of target battery[0m
[ 25%] [32mBuilding CXX object CMakeFiles/battery.dir/src/battery.cpp.o[0m
[ 50%] [32mBuilding CXX object CMakeFiles/led_pannel.dir/src/led_pannel.cpp.o[0m
[01m[K/home/ros_ws/src/batt_led/src/led_pannel.cpp:[m[K In member function â€˜[01m[Kvoid LedPannelServerNode::publishLedStates()[m[Kâ€™:
[01m[K/home/ros_ws/src/batt_led/src/led_pannel.cpp:39:26:[m[K [01;31m[Kerror: [m[Kno match for â€˜[01m[Koperator=[m[Kâ€™ (operand types are â€˜[01m[Kbat_led_interfaces::msg::LedStateArray_<std::allocator<void> >::_led_states_type[m[Kâ€™ {aka â€˜[01m[Kstd::array<long int, 3>[m[Kâ€™} and â€˜[01m[Kint64_t [3][m[Kâ€™ {aka â€˜[01m[Klong int [3][m[Kâ€™})
   39 |         msg.led_states = [01;31m[Kleds[m[K;
      |                          [01;31m[K^~~~[m[K
In file included from [01m[K/usr/include/c++/9/tuple:39[m[K,
                 from [01m[K/usr/include/c++/9/bits/unique_ptr.h:37[m[K,
                 from [01m[K/usr/include/c++/9/memory:80[m[K,
                 from [01m[K/opt/ros/foxy/include/rclcpp/rclcpp.hpp:144[m[K,
                 from [01m[K/home/ros_ws/src/batt_led/src/led_pannel.cpp:1[m[K:
[01m[K/usr/include/c++/9/array:94:12:[m[K [01;36m[Knote: [m[Kcandidate: â€˜[01m[Kconstexpr std::array<long int, 3>& std::array<long int, 3>::operator=(const std::array<long int, 3>&)[m[Kâ€™
   94 |     struct [01;36m[Karray[m[K
      |            [01;36m[K^~~~~[m[K
[01m[K/usr/include/c++/9/array:94:12:[m[K [01;36m[Knote: [m[K  no known conversion for argument 1 from â€˜[01m[Kint64_t [3][m[Kâ€™ {aka â€˜[01m[Klong int [3][m[Kâ€™} to â€˜[01m[Kconst std::array<long int, 3>&[m[Kâ€™
[01m[K/usr/include/c++/9/array:94:12:[m[K [01;36m[Knote: [m[Kcandidate: â€˜[01m[Kconstexpr std::array<long int, 3>& std::array<long int, 3>::operator=(std::array<long int, 3>&&)[m[Kâ€™
[01m[K/usr/include/c++/9/array:94:12:[m[K [01;36m[Knote: [m[K  no known conversion for argument 1 from â€˜[01m[Kint64_t [3][m[Kâ€™ {aka â€˜[01m[Klong int [3][m[Kâ€™} to â€˜[01m[Kstd::array<long int, 3>&&[m[Kâ€™
make[2]: *** [CMakeFiles/led_pannel.dir/build.make:63: CMakeFiles/led_pannel.dir/src/led_pannel.cpp.o] Error 1
make[1]: *** [CMakeFiles/Makefile2:80: CMakeFiles/led_pannel.dir/all] Error 2
make[1]: *** Waiting for unfinished jobs....
[ 75%] [32m[1mLinking CXX executable battery[0m
[ 75%] Built target battery
make: *** [Makefile:141: all] Error 2
