[0.000000] (-) TimerEvent: {}
[0.000734] (my_cpp_pkg) JobQueued: {'identifier': 'my_cpp_pkg', 'dependencies': OrderedDict()}
[0.000804] (my_cpp_pkg) JobStarted: {'identifier': 'my_cpp_pkg'}
[0.010673] (my_cpp_pkg) JobProgress: {'identifier': 'my_cpp_pkg', 'progress': 'cmake'}
[0.011140] (my_cpp_pkg) JobProgress: {'identifier': 'my_cpp_pkg', 'progress': 'build'}
[0.011754] (my_cpp_pkg) Command: {'cmd': ['/usr/bin/cmake', '--build', '/home/ros_ws/build/my_cpp_pkg', '--', '-j16', '-l16'], 'cwd': '/home/ros_ws/build/my_cpp_pkg', 'env': OrderedDict([('HOSTNAME', '168bee2767c6'), ('SHLVL', '1'), ('HOME', '/root'), ('OLDPWD', '/'), ('ROS_DISTRO', 'foxy'), ('_', '/usr/bin/colcon'), ('TERM', 'xterm'), ('PATH', '/usr/local/sbin:/usr/local/bin:/usr/sbin:/usr/bin:/sbin:/bin'), ('DISPLAY', ':0'), ('LANG', 'C.UTF-8'), ('LS_COLORS', 'rs=0:di=01;34:ln=01;36:mh=00:pi=40;33:so=01;35:do=01;35:bd=40;33;01:cd=40;33;01:or=40;31;01:mi=00:su=37;41:sg=30;43:ca=30;41:tw=30;42:ow=34;42:st=37;44:ex=01;32:*.tar=01;31:*.tgz=01;31:*.arc=01;31:*.arj=01;31:*.taz=01;31:*.lha=01;31:*.lz4=01;31:*.lzh=01;31:*.lzma=01;31:*.tlz=01;31:*.txz=01;31:*.tzo=01;31:*.t7z=01;31:*.zip=01;31:*.z=01;31:*.dz=01;31:*.gz=01;31:*.lrz=01;31:*.lz=01;31:*.lzo=01;31:*.xz=01;31:*.zst=01;31:*.tzst=01;31:*.bz2=01;31:*.bz=01;31:*.tbz=01;31:*.tbz2=01;31:*.tz=01;31:*.deb=01;31:*.rpm=01;31:*.jar=01;31:*.war=01;31:*.ear=01;31:*.sar=01;31:*.rar=01;31:*.alz=01;31:*.ace=01;31:*.zoo=01;31:*.cpio=01;31:*.7z=01;31:*.rz=01;31:*.cab=01;31:*.wim=01;31:*.swm=01;31:*.dwm=01;31:*.esd=01;31:*.jpg=01;35:*.jpeg=01;35:*.mjpg=01;35:*.mjpeg=01;35:*.gif=01;35:*.bmp=01;35:*.pbm=01;35:*.pgm=01;35:*.ppm=01;35:*.tga=01;35:*.xbm=01;35:*.xpm=01;35:*.tif=01;35:*.tiff=01;35:*.png=01;35:*.svg=01;35:*.svgz=01;35:*.mng=01;35:*.pcx=01;35:*.mov=01;35:*.mpg=01;35:*.mpeg=01;35:*.m2v=01;35:*.mkv=01;35:*.webm=01;35:*.ogm=01;35:*.mp4=01;35:*.m4v=01;35:*.mp4v=01;35:*.vob=01;35:*.qt=01;35:*.nuv=01;35:*.wmv=01;35:*.asf=01;35:*.rm=01;35:*.rmvb=01;35:*.flc=01;35:*.avi=01;35:*.fli=01;35:*.flv=01;35:*.gl=01;35:*.dl=01;35:*.xcf=01;35:*.xwd=01;35:*.yuv=01;35:*.cgm=01;35:*.emf=01;35:*.ogv=01;35:*.ogx=01;35:*.aac=00;36:*.au=00;36:*.flac=00;36:*.m4a=00;36:*.mid=00;36:*.midi=00;36:*.mka=00;36:*.mp3=00;36:*.mpc=00;36:*.ogg=00;36:*.ra=00;36:*.wav=00;36:*.oga=00;36:*.opus=00;36:*.spx=00;36:*.xspf=00;36:'), ('PWD', '/home/ros_ws/build/my_cpp_pkg'), ('LC_ALL', 'C.UTF-8'), ('COLCON', '1')]), 'shell': False}
[0.035128] (my_cpp_pkg) StdoutLine: {'line': b'-- Found ament_cmake: 0.9.11 (/opt/ros/foxy/share/ament_cmake/cmake)\n'}
[0.050967] (my_cpp_pkg) StdoutLine: {'line': b'-- Using PYTHON_EXECUTABLE: /usr/bin/python3\n'}
[0.099791] (-) TimerEvent: {}
[0.159193] (my_cpp_pkg) StderrLine: {'line': b'Traceback (most recent call last):\n'}
[0.159528] (my_cpp_pkg) StderrLine: {'line': b'  File "/opt/ros/foxy/share/ament_cmake_core/cmake/package_templates/templates_2_cmake.py", line 21, in <module>\n'}
[0.159701] (my_cpp_pkg) StderrLine: {'line': b'    from ament_package.templates import get_environment_hook_template_path\n'}
[0.159857] (my_cpp_pkg) StderrLine: {'line': b"ModuleNotFoundError: No module named 'ament_package'\n"}
[0.179254] (my_cpp_pkg) StderrLine: {'line': b'CMake Error at /opt/ros/foxy/share/ament_cmake_core/cmake/ament_cmake_package_templates-extras.cmake:41 (message):\n'}
[0.179433] (my_cpp_pkg) StderrLine: {'line': b'  execute_process(/usr/bin/python3\n'}
[0.179489] (my_cpp_pkg) StderrLine: {'line': b'  /opt/ros/foxy/share/ament_cmake_core/cmake/package_templates/templates_2_cmake.py\n'}
[0.179542] (my_cpp_pkg) StderrLine: {'line': b'  /home/ros_ws/build/my_cpp_pkg/ament_cmake_package_templates/templates.cmake)\n'}
[0.179593] (my_cpp_pkg) StderrLine: {'line': b'  returned error code 1\n'}
[0.179643] (my_cpp_pkg) StderrLine: {'line': b'Call Stack (most recent call first):\n'}
[0.179694] (my_cpp_pkg) StderrLine: {'line': b'  /opt/ros/foxy/share/ament_cmake_core/cmake/ament_cmake_coreConfig.cmake:41 (include)\n'}
[0.179744] (my_cpp_pkg) StderrLine: {'line': b'  /opt/ros/foxy/share/ament_cmake/cmake/ament_cmake_export_dependencies-extras.cmake:15 (find_package)\n'}
[0.179808] (my_cpp_pkg) StderrLine: {'line': b'  /opt/ros/foxy/share/ament_cmake/cmake/ament_cmakeConfig.cmake:41 (include)\n'}
[0.179859] (my_cpp_pkg) StderrLine: {'line': b'  CMakeLists.txt:19 (find_package)\n'}
[0.179914] (my_cpp_pkg) StderrLine: {'line': b'\n'}
[0.180022] (my_cpp_pkg) StderrLine: {'line': b'\n'}
[0.180073] (my_cpp_pkg) StdoutLine: {'line': b'-- Configuring incomplete, errors occurred!\n'}
[0.180128] (my_cpp_pkg) StdoutLine: {'line': b'See also "/home/ros_ws/build/my_cpp_pkg/CMakeFiles/CMakeOutput.log".\n'}
[0.182508] (my_cpp_pkg) StderrLine: {'line': b'make: *** [Makefile:222: cmake_check_build_system] Error 1\n'}
[0.184081] (my_cpp_pkg) CommandEnded: {'returncode': 2}
[0.201242] (-) TimerEvent: {}
[0.215304] (my_cpp_pkg) JobEnded: {'identifier': 'my_cpp_pkg', 'rc': 2}
[0.226198] (-) EventReactorShutdown: {}
