[0.014s] Invoking command in '/home/ros_ws/build/my_cpp_pkg': /usr/bin/cmake --build /home/ros_ws/build/my_cpp_pkg -- -j16 -l16
[0.035s] -- Found ament_cmake: 0.9.11 (/opt/ros/foxy/share/ament_cmake/cmake)
[0.050s] -- Using PYTHON_EXECUTABLE: /usr/bin/python3
[0.159s] Traceback (most recent call last):
[0.159s]   File "/opt/ros/foxy/share/ament_cmake_core/cmake/package_templates/templates_2_cmake.py", line 21, in <module>
[0.159s]     from ament_package.templates import get_environment_hook_template_path
[0.159s] ModuleNotFoundError: No module named 'ament_package'
[0.179s] CMake Error at /opt/ros/foxy/share/ament_cmake_core/cmake/ament_cmake_package_templates-extras.cmake:41 (message):
[0.179s]   execute_process(/usr/bin/python3
[0.179s]   /opt/ros/foxy/share/ament_cmake_core/cmake/package_templates/templates_2_cmake.py
[0.179s]   /home/ros_ws/build/my_cpp_pkg/ament_cmake_package_templates/templates.cmake)
[0.179s]   returned error code 1
[0.179s] Call Stack (most recent call first):
[0.179s]   /opt/ros/foxy/share/ament_cmake_core/cmake/ament_cmake_coreConfig.cmake:41 (include)
[0.179s]   /opt/ros/foxy/share/ament_cmake/cmake/ament_cmake_export_dependencies-extras.cmake:15 (find_package)
[0.179s]   /opt/ros/foxy/share/ament_cmake/cmake/ament_cmakeConfig.cmake:41 (include)
[0.179s]   CMakeLists.txt:19 (find_package)
[0.179s] 
[0.179s] 
[0.179s] -- Configuring incomplete, errors occurred!
[0.179s] See also "/home/ros_ws/build/my_cpp_pkg/CMakeFiles/CMakeOutput.log".
[0.182s] make: *** [Makefile:222: cmake_check_build_system] Error 1
[0.184s] Invoked command in '/home/ros_ws/build/my_cpp_pkg' returned '2': /usr/bin/cmake --build /home/ros_ws/build/my_cpp_pkg -- -j16 -l16
