[01m[K/home/ros_ws/src/batt_led/src/led_pannel.cpp:43:48:[m[K [01;31m[Kerror: [m[Kâ€˜[01m[Kled_state_array[m[Kâ€™ is not a member of â€˜[01m[Kbat_led_interfaces::msg[m[Kâ€™; did you mean â€˜[01m[KLedStateArray[m[Kâ€™?
   43 |     rclcpp::Publisher<bat_led_interfaces::msg::[01;31m[Kled_state_array[m[K>::SharedPtr publisher_;
      |                                                [01;31m[K^~~~~~~~~~~~~~~[m[K
      |                                                [32m[KLedStateArray[m[K
[01m[K/home/ros_ws/src/batt_led/src/led_pannel.cpp:43:48:[m[K [01;31m[Kerror: [m[Kâ€˜[01m[Kled_state_array[m[Kâ€™ is not a member of â€˜[01m[Kbat_led_interfaces::msg[m[Kâ€™; did you mean â€˜[01m[KLedStateArray[m[Kâ€™?
   43 |     rclcpp::Publisher<bat_led_interfaces::msg::[01;31m[Kled_state_array[m[K>::SharedPtr publisher_;
      |                                                [01;31m[K^~~~~~~~~~~~~~~[m[K
      |                                                [32m[KLedStateArray[m[K
[01m[K/home/ros_ws/src/batt_led/src/led_pannel.cpp:43:63:[m[K [01;31m[Kerror: [m[Ktemplate argument 1 is invalid
   43 |     rclcpp::Publisher<bat_led_interfaces::msg::led_state_array[01;31m[K>[m[K::SharedPtr publisher_;
      |                                                               [01;31m[K^[m[K
[01m[K/home/ros_ws/src/batt_led/src/led_pannel.cpp:43:66:[m[K [01;31m[Kerror: [m[Kexpected â€˜[01m[K;[m[Kâ€™ at end of member declaration
   43 |     rclcpp::Publisher<bat_led_interfaces::msg::led_state_array>::[01;31m[KSharedPtr[m[K publisher_;
      |                                                                  [01;31m[K^~~~~~~~~[m[K
      |                                                                           [32m[K;[m[K
[01m[K/home/ros_ws/src/batt_led/src/led_pannel.cpp:43:76:[m[K [01;31m[Kerror: [m[Kâ€˜[01m[Kpublisher_[m[Kâ€™ does not name a type; did you mean â€˜[01m[Krcl_publisher_t[m[Kâ€™?
   43 |     rclcpp::Publisher<bat_led_interfaces::msg::led_state_array>::SharedPtr [01;31m[Kpublisher_[m[K;
      |                                                                            [01;31m[K^~~~~~~~~~[m[K
      |                                                                            [32m[Krcl_publisher_t[m[K
[01m[K/home/ros_ws/src/batt_led/src/led_pannel.cpp:[m[K In constructor â€˜[01m[KLedPannelServerNode::LedPannelServerNode()[m[Kâ€™:
[01m[K/home/ros_ws/src/batt_led/src/led_pannel.cpp:18:9:[m[K [01;31m[Kerror: [m[Kâ€˜[01m[Kpublisher_[m[Kâ€™ was not declared in this scope; did you mean â€˜[01m[Krcl_publisher_t[m[Kâ€™?
   18 |         [01;31m[Kpublisher_[m[K = this->create_publisher<bat_led_interfaces::msg::led_state_array>("led_states", 10);
      |         [01;31m[K^~~~~~~~~~[m[K
      |         [32m[Krcl_publisher_t[m[K
[01m[K/home/ros_ws/src/batt_led/src/led_pannel.cpp:18:70:[m[K [01;31m[Kerror: [m[Kâ€˜[01m[Kled_state_array[m[Kâ€™ is not a member of â€˜[01m[Kbat_led_interfaces::msg[m[Kâ€™; did you mean â€˜[01m[KLedStateArray[m[Kâ€™?
   18 |         publisher_ = this->create_publisher<bat_led_interfaces::msg::[01;31m[Kled_state_array[m[K>("led_states", 10);
      |                                                                      [01;31m[K^~~~~~~~~~~~~~~[m[K
      |                                                                      [32m[KLedStateArray[m[K
[01m[K/home/ros_ws/src/batt_led/src/led_pannel.cpp:18:70:[m[K [01;31m[Kerror: [m[Kâ€˜[01m[Kled_state_array[m[Kâ€™ is not a member of â€˜[01m[Kbat_led_interfaces::msg[m[Kâ€™; did you mean â€˜[01m[KLedStateArray[m[Kâ€™?
   18 |         publisher_ = this->create_publisher<bat_led_interfaces::msg::[01;31m[Kled_state_array[m[K>("led_states", 10);
      |                                                                      [01;31m[K^~~~~~~~~~~~~~~[m[K
      |                                                                      [32m[KLedStateArray[m[K
[01m[K/home/ros_ws/src/batt_led/src/led_pannel.cpp:18:103:[m[K [01;31m[Kerror: [m[Kno matching function for call to â€˜[01m[KLedPannelServerNode::create_publisher<<expression error> >(const char [11], int)[m[Kâ€™
   18 | eate_publisher<bat_led_interfaces::msg::led_state_array>("led_states", 10[01;31m[K)[m[K;
      |                                                                          [01;31m[K^[m[K

In file included from [01m[K/opt/ros/foxy/include/rclcpp/executors/single_threaded_executor.hpp:28[m[K,
                 from [01m[K/opt/ros/foxy/include/rclcpp/executors.hpp:22[m[K,
                 from [01m[K/opt/ros/foxy/include/rclcpp/rclcpp.hpp:146[m[K,
                 from [01m[K/home/ros_ws/src/batt_led/src/led_pannel.cpp:1[m[K:
[01m[K/opt/ros/foxy/include/rclcpp/node.hpp:184:3:[m[K [01;36m[Knote: [m[Kcandidate: â€˜[01m[Ktemplate<class MessageT, class AllocatorT, class PublisherT> std::shared_ptr<PublisherT> rclcpp::Node::create_publisher(const string&, const rclcpp::QoS&, const rclcpp::PublisherOptionsWithAllocator<AllocatorT>&)[m[Kâ€™
  184 |   [01;36m[Kcreate_publisher[m[K(
      |   [01;36m[K^~~~~~~~~~~~~~~~[m[K
[01m[K/opt/ros/foxy/include/rclcpp/node.hpp:184:3:[m[K [01;36m[Knote: [m[K  template argument deduction/substitution failed:
[01m[K/home/ros_ws/src/batt_led/src/led_pannel.cpp:18:103:[m[K [01;31m[Kerror: [m[Ktemplate argument 1 is invalid
   18 | eate_publisher<bat_led_interfaces::msg::led_state_array>("led_states", 10[01;31m[K)[m[K;
      |                                                                          [01;31m[K^[m[K

[01m[K/home/ros_ws/src/batt_led/src/led_pannel.cpp:[m[K In member function â€˜[01m[Kvoid LedPannelServerNode::publishLedStates()[m[Kâ€™:
[01m[K/home/ros_ws/src/batt_led/src/led_pannel.cpp:38:45:[m[K [01;31m[Kerror: [m[Kâ€˜[01m[Kled_state_array[m[Kâ€™ is not a member of â€˜[01m[Kbat_led_interfaces::msg[m[Kâ€™; did you mean â€˜[01m[KLedStateArray[m[Kâ€™?
   38 |         auto msg = bat_led_interfaces::msg::[01;31m[Kled_state_array[m[K();
      |                                             [01;31m[K^~~~~~~~~~~~~~~[m[K
      |                                             [32m[KLedStateArray[m[K
[01m[K/home/ros_ws/src/batt_led/src/led_pannel.cpp:39:29:[m[K [01;31m[Kerror: [m[Kâ€˜[01m[Kself[m[Kâ€™ was not declared in this scope
   39 |         msg.led_states[3] = [01;31m[Kself[m[K.leds;
      |                             [01;31m[K^~~~[m[K
[01m[K/home/ros_ws/src/batt_led/src/led_pannel.cpp:40:9:[m[K [01;31m[Kerror: [m[Kâ€˜[01m[Kpublisher_[m[Kâ€™ was not declared in this scope; did you mean â€˜[01m[Krcl_publisher_t[m[Kâ€™?
   40 |         [01;31m[Kpublisher_[m[K->publish(msg);
      |         [01;31m[K^~~~~~~~~~[m[K
      |         [32m[Krcl_publisher_t[m[K
make[2]: *** [CMakeFiles/led_pannel.dir/build.make:63: CMakeFiles/led_pannel.dir/src/led_pannel.cpp.o] Error 1
make[1]: *** [CMakeFiles/Makefile2:80: CMakeFiles/led_pannel.dir/all] Error 2
make[1]: *** Waiting for unfinished jobs....
make: *** [Makefile:141: all] Error 2
