[01m[K/home/ros_ws/src/my_cpp_pkg/src/number_counter.cpp:[m[K In constructor â€˜[01m[KNumberCounter::NumberCounter()[m[Kâ€™:
[01m[K/home/ros_ws/src/my_cpp_pkg/src/number_counter.cpp:12:94:[m[K [01;31m[Kerror: [m[Kexpected â€˜[01m[K;[m[Kâ€™ before â€˜[01m[K)[m[Kâ€™ token
   12 |                      std::bind(&NumberCounter::publish_number_count, this)[01;31m[K)[m[K;
      |                                                                           [01;31m[K^[m[K
      |                                                                           [32m[K;[m[K
make[2]: *** [CMakeFiles/number_counter.dir/build.make:63: CMakeFiles/number_counter.dir/src/number_counter.cpp.o] Error 1
make[1]: *** [CMakeFiles/Makefile2:119: CMakeFiles/number_counter.dir/all] Error 2
make: *** [Makefile:141: all] Error 2
