[35m[1mScanning dependencies of target led_pannel[0m
[ 50%] Built target battery
[ 75%] [32mBuilding CXX object CMakeFiles/led_pannel.dir/src/led_pannel.cpp.o[0m
[01m[K/home/ros_ws/src/batt_led/src/led_pannel.cpp:[m[K In member function â€˜[01m[Kvoid LedPannelServerNode::publishLedStates()[m[Kâ€™:
[01m[K/home/ros_ws/src/batt_led/src/led_pannel.cpp:39:24:[m[K [01;31m[Kerror: [m[Kexpected primary-expression before â€˜[01m[K][m[Kâ€™ token
   39 |         msg.led_states[[01;31m[K][m[K = leds;
      |                        [01;31m[K^[m[K
make[2]: *** [CMakeFiles/led_pannel.dir/build.make:63: CMakeFiles/led_pannel.dir/src/led_pannel.cpp.o] Error 1
make[1]: *** [CMakeFiles/Makefile2:80: CMakeFiles/led_pannel.dir/all] Error 2
make: *** [Makefile:141: all] Error 2
