[0.039s] Invoking command in '/home/ros_ws/build/batt_led': CMAKE_PREFIX_PATH=/home/ros_ws/install/bat_led_interfaces:/home/ros_ws/install/batt_led:/home/ros_ws/install/my_robot_interfaces:/home/ros_ws/install/my_cpp_pkg:/home/ros_ws/install/my_py_pkg:/opt/ros/foxy /usr/bin/cmake --build /home/ros_ws/build/batt_led -- -j16 -l16
[0.075s] [35m[1mScanning dependencies of target led_pannel[0m
[0.098s] [ 50%] Built target battery
[0.105s] [ 75%] [32mBuilding CXX object CMakeFiles/led_pannel.dir/src/led_pannel.cpp.o[0m
[1.146s] [01m[K/home/ros_ws/src/batt_led/src/led_pannel.cpp:[m[K In member function â€˜[01m[Kvoid LedPannelServerNode::publishLedStates()[m[Kâ€™:
[1.146s] [01m[K/home/ros_ws/src/batt_led/src/led_pannel.cpp:39:24:[m[K [01;31m[Kerror: [m[Kexpected primary-expression before â€˜[01m[K][m[Kâ€™ token
[1.146s]    39 |         msg.led_states[[01;31m[K][m[K = leds;
[1.147s]       |                        [01;31m[K^[m[K
[1.934s] make[2]: *** [CMakeFiles/led_pannel.dir/build.make:63: CMakeFiles/led_pannel.dir/src/led_pannel.cpp.o] Error 1
[1.935s] make[1]: *** [CMakeFiles/Makefile2:80: CMakeFiles/led_pannel.dir/all] Error 2
[1.935s] make: *** [Makefile:141: all] Error 2
[1.937s] Invoked command in '/home/ros_ws/build/batt_led' returned '2': CMAKE_PREFIX_PATH=/home/ros_ws/install/bat_led_interfaces:/home/ros_ws/install/batt_led:/home/ros_ws/install/my_robot_interfaces:/home/ros_ws/install/my_cpp_pkg:/home/ros_ws/install/my_py_pkg:/opt/ros/foxy /usr/bin/cmake --build /home/ros_ws/build/batt_led -- -j16 -l16
