[01m[K/home/ros_ws/src/batt_led/src/battery.cpp:46:5:[m[K [01;31m[Kerror: [m[Kâ€˜[01m[Kint32[m[Kâ€™ does not name a type; did you mean â€˜[01m[Krintf32[m[Kâ€™?
   46 |     [01;31m[Kint32[m[K led_number(0);
      |     [01;31m[K^~~~~[m[K
      |     [32m[Krintf32[m[K
[01m[K/home/ros_ws/src/batt_led/src/battery.cpp:47:5:[m[K [01;31m[Kerror: [m[Kâ€˜[01m[Kint32[m[Kâ€™ does not name a type; did you mean â€˜[01m[Krintf32[m[Kâ€™?
   47 |     [01;31m[Kint32[m[K led_state(0);
      |     [01;31m[K^~~~~[m[K
      |     [32m[Krintf32[m[K
[01m[K/home/ros_ws/src/batt_led/src/battery.cpp:[m[K In member function â€˜[01m[Kvoid Battery::run_timer_thread()[m[Kâ€™:
[01m[K/home/ros_ws/src/batt_led/src/battery.cpp:17:9:[m[K [01;31m[Kerror: [m[Kâ€˜[01m[Kled_number[m[Kâ€™ was not declared in this scope
   17 |         [01;31m[Kled_number[m[K = 2;
      |         [01;31m[K^~~~~~~~~~[m[K
[01m[K/home/ros_ws/src/batt_led/src/battery.cpp:[m[K In member function â€˜[01m[Kvoid Battery::callSetLedService()[m[Kâ€™:
[01m[K/home/ros_ws/src/batt_led/src/battery.cpp:29:31:[m[K [01;31m[Kerror: [m[Kâ€˜[01m[Kled_number[m[Kâ€™ was not declared in this scope
   29 |         request->led_number = [01;31m[Kled_number[m[K;
      |                               [01;31m[K^~~~~~~~~~[m[K
make[2]: *** [CMakeFiles/battery.dir/build.make:63: CMakeFiles/battery.dir/src/battery.cpp.o] Error 1
make[1]: *** [CMakeFiles/Makefile2:105: CMakeFiles/battery.dir/all] Error 2
make: *** [Makefile:141: all] Error 2
