[0.041s] Invoking command in '/home/ros_ws/build/batt_led': AMENT_PREFIX_PATH=/home/ros_ws/install/bat_led_interfaces:${AMENT_PREFIX_PATH} CMAKE_PREFIX_PATH=/home/ros_ws/install/bat_led_interfaces:/home/ros_ws/install/my_robot_interfaces:/home/ros_ws/install/my_cpp_pkg:/home/ros_ws/install/my_py_pkg:/opt/ros/foxy LD_LIBRARY_PATH=/home/ros_ws/install/bat_led_interfaces/lib:${LD_LIBRARY_PATH} PYTHONPATH=/home/ros_ws/install/bat_led_interfaces/lib/python3.8/site-packages:${PYTHONPATH} /usr/bin/cmake --build /home/ros_ws/build/batt_led -- -j16 -l16
[0.082s] [35m[1mScanning dependencies of target battery[0m
[0.110s] [ 50%] [32mBuilding CXX object CMakeFiles/battery.dir/src/battery.cpp.o[0m
[1.110s] [01m[K/home/ros_ws/src/batt_led/src/battery.cpp:46:5:[m[K [01;31m[Kerror: [m[Kâ€˜[01m[Kint32[m[Kâ€™ does not name a type; did you mean â€˜[01m[Krintf32[m[Kâ€™?
[1.111s]    46 |     [01;31m[Kint32[m[K led_number(0);
[1.111s]       |     [01;31m[K^~~~~[m[K
[1.111s]       |     [32m[Krintf32[m[K
[1.111s] [01m[K/home/ros_ws/src/batt_led/src/battery.cpp:47:5:[m[K [01;31m[Kerror: [m[Kâ€˜[01m[Kint32[m[Kâ€™ does not name a type; did you mean â€˜[01m[Krintf32[m[Kâ€™?
[1.111s]    47 |     [01;31m[Kint32[m[K led_state(0);
[1.112s]       |     [01;31m[K^~~~~[m[K
[1.112s]       |     [32m[Krintf32[m[K
[1.123s] [01m[K/home/ros_ws/src/batt_led/src/battery.cpp:[m[K In member function â€˜[01m[Kvoid Battery::run_timer_thread()[m[Kâ€™:
[1.123s] [01m[K/home/ros_ws/src/batt_led/src/battery.cpp:17:9:[m[K [01;31m[Kerror: [m[Kâ€˜[01m[Kled_number[m[Kâ€™ was not declared in this scope
[1.123s]    17 |         [01;31m[Kled_number[m[K = 2;
[1.124s]       |         [01;31m[K^~~~~~~~~~[m[K
[1.134s] [01m[K/home/ros_ws/src/batt_led/src/battery.cpp:[m[K In member function â€˜[01m[Kvoid Battery::callSetLedService()[m[Kâ€™:
[1.134s] [01m[K/home/ros_ws/src/batt_led/src/battery.cpp:29:31:[m[K [01;31m[Kerror: [m[Kâ€˜[01m[Kled_number[m[Kâ€™ was not declared in this scope
[1.134s]    29 |         request->led_number = [01;31m[Kled_number[m[K;
[1.135s]       |                               [01;31m[K^~~~~~~~~~[m[K
[1.591s] make[2]: *** [CMakeFiles/battery.dir/build.make:63: CMakeFiles/battery.dir/src/battery.cpp.o] Error 1
[1.591s] make[1]: *** [CMakeFiles/Makefile2:105: CMakeFiles/battery.dir/all] Error 2
[1.591s] make: *** [Makefile:141: all] Error 2
[1.595s] Invoked command in '/home/ros_ws/build/batt_led' returned '2': AMENT_PREFIX_PATH=/home/ros_ws/install/bat_led_interfaces:${AMENT_PREFIX_PATH} CMAKE_PREFIX_PATH=/home/ros_ws/install/bat_led_interfaces:/home/ros_ws/install/my_robot_interfaces:/home/ros_ws/install/my_cpp_pkg:/home/ros_ws/install/my_py_pkg:/opt/ros/foxy LD_LIBRARY_PATH=/home/ros_ws/install/bat_led_interfaces/lib:${LD_LIBRARY_PATH} PYTHONPATH=/home/ros_ws/install/bat_led_interfaces/lib/python3.8/site-packages:${PYTHONPATH} /usr/bin/cmake --build /home/ros_ws/build/batt_led -- -j16 -l16
